<?xml version="1.0" encoding="UTF-8"?>
<testsuite name="com.thoughtworks.rectangle.RectangleTest" tests="2" skipped="0" failures="0" errors="0" timestamp="2022-09-03T09:14:05" hostname="gurushifu-gurushifugitp-42436qe66ep" time="0.017">
  <properties/>
  <testcase name="shouldReturnPerimeterWhenLengthAndBreadthIsPositive()" classname="com.thoughtworks.rectangle.RectangleTest" time="0.014"/>
  <testcase name="shouldReturnAreaWhenLengthAndBreadthIsPositive()" classname="com.thoughtworks.rectangle.RectangleTest" time="0.001"/>
  <system-out><![CDATA[]]></system-out>
  <system-err><![CDATA[]]></system-err>
</testsuite>
